  [1m[35m (2.0ms)[0m  [1m[35mCREATE TABLE "schema_migrations" ("version" varchar NOT NULL PRIMARY KEY)[0m
  [1m[35m (1.5ms)[0m  [1m[35mCREATE TABLE "ar_internal_metadata" ("key" varchar NOT NULL PRIMARY KEY, "value" varchar, "created_at" datetime NOT NULL, "updated_at" datetime NOT NULL)[0m
  [1m[36mActiveRecord::SchemaMigration Load (0.2ms)[0m  [1m[34mSELECT "schema_migrations".* FROM "schema_migrations"[0m
Migrating to CreatePosts (20170721232608)
  [1m[35m (0.1ms)[0m  [1m[36mbegin transaction[0m
  [1m[35m (0.5ms)[0m  [1m[35mCREATE TABLE "posts" ("id" INTEGER PRIMARY KEY AUTOINCREMENT NOT NULL, "title" varchar, "content" text, "created_at" datetime NOT NULL, "updated_at" datetime NOT NULL)[0m
  [1m[35mSQL (0.5ms)[0m  [1m[32mINSERT INTO "schema_migrations" ("version") VALUES (?)[0m  [["version", "20170721232608"]]
  [1m[35m (1.7ms)[0m  [1m[36mcommit transaction[0m
  [1m[36mActiveRecord::InternalMetadata Load (0.2ms)[0m  [1m[34mSELECT  "ar_internal_metadata".* FROM "ar_internal_metadata" WHERE "ar_internal_metadata"."key" = ? LIMIT ?[0m  [["key", "environment"], ["LIMIT", 1]]
  [1m[35m (0.1ms)[0m  [1m[36mbegin transaction[0m
  [1m[35mSQL (0.3ms)[0m  [1m[32mINSERT INTO "ar_internal_metadata" ("key", "value", "created_at", "updated_at") VALUES (?, ?, ?, ?)[0m  [["key", "environment"], ["value", "development"], ["created_at", "2017-07-21 23:26:21.329719"], ["updated_at", "2017-07-21 23:26:21.329719"]]
  [1m[35m (1.6ms)[0m  [1m[36mcommit transaction[0m
  [1m[36mActiveRecord::SchemaMigration Load (0.2ms)[0m  [1m[34mSELECT "schema_migrations".* FROM "schema_migrations"[0m
Started GET "/" for 127.0.0.1 at 2017-07-21 18:28:19 -0500
  [1m[36mActiveRecord::SchemaMigration Load (0.2ms)[0m  [1m[34mSELECT "schema_migrations".* FROM "schema_migrations"[0m
Processing by PostsController#index as HTML
  Rendering posts/index.html.erb within layouts/application
  [1m[36mPost Load (0.4ms)[0m  [1m[34mSELECT "posts".* FROM "posts"[0m
  Rendered posts/index.html.erb within layouts/application (10.9ms)
Completed 200 OK in 1678ms (Views: 1647.8ms | ActiveRecord: 0.9ms)


Started GET "/posts/new" for 127.0.0.1 at 2017-07-21 18:28:35 -0500
Processing by PostsController#new as HTML
  Rendering posts/new.html.erb within layouts/application
  Rendered posts/_form.html.erb (122.5ms)
  Rendered posts/new.html.erb within layouts/application (126.1ms)
Completed 200 OK in 186ms (Views: 166.8ms | ActiveRecord: 1.1ms)


Started POST "/posts" for 127.0.0.1 at 2017-07-21 18:28:52 -0500
Processing by PostsController#create as HTML
  Parameters: {"utf8"=>"✓", "authenticity_token"=>"W64MGUs8UzELM21PdZQwwc8OHRlR2ggdZny8v2A1B5kjlTfohIATwVFMWGcNgI9JmiNNroLKacDlfErq3nE1aA==", "post"=>{"title"=>"Turtlw", "content"=>"Looks like something"}, "commit"=>"Create Post"}
  [1m[35m (0.1ms)[0m  [1m[36mbegin transaction[0m
  [1m[35mSQL (0.8ms)[0m  [1m[32mINSERT INTO "posts" ("title", "content", "created_at", "updated_at") VALUES (?, ?, ?, ?)[0m  [["title", "Turtlw"], ["content", "Looks like something"], ["created_at", "2017-07-21 23:28:52.382132"], ["updated_at", "2017-07-21 23:28:52.382132"]]
  [1m[35m (9.6ms)[0m  [1m[36mcommit transaction[0m
Redirected to http://localhost:3000/posts/1
Completed 302 Found in 17ms (ActiveRecord: 10.5ms)


Started GET "/posts/1" for 127.0.0.1 at 2017-07-21 18:28:52 -0500
Processing by PostsController#show as HTML
  Parameters: {"id"=>"1"}
  [1m[36mPost Load (0.3ms)[0m  [1m[34mSELECT  "posts".* FROM "posts" WHERE "posts"."id" = ? LIMIT ?[0m  [["id", 1], ["LIMIT", 1]]
  Rendering posts/show.html.erb within layouts/application
  Rendered posts/show.html.erb within layouts/application (1.7ms)
Completed 200 OK in 63ms (Views: 37.7ms | ActiveRecord: 0.3ms)


Started GET "/posts" for 127.0.0.1 at 2017-07-21 18:29:00 -0500
Processing by PostsController#index as HTML
  Rendering posts/index.html.erb within layouts/application
  [1m[36mPost Load (0.3ms)[0m  [1m[34mSELECT "posts".* FROM "posts"[0m
  Rendered posts/index.html.erb within layouts/application (3.6ms)
Completed 200 OK in 36ms (Views: 30.6ms | ActiveRecord: 0.3ms)


Started GET "/posts" for 127.0.0.1 at 2017-07-21 18:48:47 -0500
Processing by PostsController#index as HTML
  Rendering posts/index.html.erb within layouts/application
  [1m[36mPost Load (0.2ms)[0m  [1m[34mSELECT "posts".* FROM "posts"[0m
  Rendered collection of posts/_post.html.erb [1 times] (19.3ms)
  Rendered posts/index.html.erb within layouts/application (41.4ms)
Completed 500 Internal Server Error in 60ms (ActiveRecord: 0.2ms)


  
ActionView::Template::Error (First argument in form cannot contain nil or be empty):
    18: 
    19: 
    20:     <!-- Modal  create action -->
    21:       <%= form_for(@post, remote: true) do |f| %>
    22:         <div class="modal fade" id="mynewpost" tabindex="-1" role="dialog" aria-labelledby="myModalLabel" aria-hidden="true">
    23:         <div class="modal-dialog">
    24:           <div class="modal-content">
  
app/views/posts/index.html.erb:21:in `_app_views_posts_index_html_erb___1641261852931735684_70214589067200'
  Rendering /Users/RaymondChristian/.rvm/gems/ruby-2.4.0/gems/actionpack-5.0.4/lib/action_dispatch/middleware/templates/rescues/template_error.html.erb within rescues/layout
  Rendering /Users/RaymondChristian/.rvm/gems/ruby-2.4.0/gems/actionpack-5.0.4/lib/action_dispatch/middleware/templates/rescues/_source.html.erb
  Rendered /Users/RaymondChristian/.rvm/gems/ruby-2.4.0/gems/actionpack-5.0.4/lib/action_dispatch/middleware/templates/rescues/_source.html.erb (6.6ms)
  Rendering /Users/RaymondChristian/.rvm/gems/ruby-2.4.0/gems/actionpack-5.0.4/lib/action_dispatch/middleware/templates/rescues/_trace.html.erb
  Rendered /Users/RaymondChristian/.rvm/gems/ruby-2.4.0/gems/actionpack-5.0.4/lib/action_dispatch/middleware/templates/rescues/_trace.html.erb (2.9ms)
  Rendering /Users/RaymondChristian/.rvm/gems/ruby-2.4.0/gems/actionpack-5.0.4/lib/action_dispatch/middleware/templates/rescues/_request_and_response.html.erb
  Rendered /Users/RaymondChristian/.rvm/gems/ruby-2.4.0/gems/actionpack-5.0.4/lib/action_dispatch/middleware/templates/rescues/_request_and_response.html.erb (0.8ms)
  Rendered /Users/RaymondChristian/.rvm/gems/ruby-2.4.0/gems/actionpack-5.0.4/lib/action_dispatch/middleware/templates/rescues/template_error.html.erb within rescues/layout (95.0ms)
Started GET "/posts" for 127.0.0.1 at 2017-07-21 18:49:34 -0500
Processing by PostsController#index as HTML
  Rendering posts/index.html.erb within layouts/application
  [1m[36mPost Load (0.2ms)[0m  [1m[34mSELECT "posts".* FROM "posts"[0m
  Rendered collection of posts/_post.html.erb [1 times] (2.8ms)
  Rendered posts/index.html.erb within layouts/application (7.0ms)
Completed 200 OK in 87ms (Views: 62.1ms | ActiveRecord: 1.4ms)


Started POST "/posts" for 127.0.0.1 at 2017-07-21 18:49:52 -0500
Processing by PostsController#create as JS
  Parameters: {"utf8"=>"✓", "post"=>{"title"=>"Hello", "content"=>"World"}, "commit"=>"Create"}
  [1m[35m (0.1ms)[0m  [1m[36mbegin transaction[0m
  [1m[35mSQL (0.5ms)[0m  [1m[32mINSERT INTO "posts" ("title", "content", "created_at", "updated_at") VALUES (?, ?, ?, ?)[0m  [["title", "Hello"], ["content", "World"], ["created_at", "2017-07-21 23:49:52.488346"], ["updated_at", "2017-07-21 23:49:52.488346"]]
  [1m[35m (1.5ms)[0m  [1m[36mcommit transaction[0m
Redirected to http://localhost:3000/posts/2
Completed 200 OK in 8ms (ActiveRecord: 2.1ms)


Started GET "/posts/2" for 127.0.0.1 at 2017-07-21 18:49:52 -0500
Processing by PostsController#show as HTML
  Parameters: {"id"=>"2"}
  [1m[36mPost Load (0.6ms)[0m  [1m[34mSELECT  "posts".* FROM "posts" WHERE "posts"."id" = ? LIMIT ?[0m  [["id", 2], ["LIMIT", 1]]
  Rendering posts/show.html.erb within layouts/application
  Rendered posts/show.html.erb within layouts/application (0.9ms)
Completed 200 OK in 46ms (Views: 28.1ms | ActiveRecord: 0.6ms)


Started GET "/posts" for 127.0.0.1 at 2017-07-21 18:49:56 -0500
Processing by PostsController#index as HTML
  Rendering posts/index.html.erb within layouts/application
  [1m[36mPost Load (0.3ms)[0m  [1m[34mSELECT "posts".* FROM "posts"[0m
  Rendered collection of posts/_post.html.erb [2 times] (13.4ms)
  Rendered posts/index.html.erb within layouts/application (22.2ms)
Completed 200 OK in 64ms (Views: 57.3ms | ActiveRecord: 0.3ms)


Started GET "/posts" for 127.0.0.1 at 2017-07-21 18:54:19 -0500
Processing by PostsController#index as HTML
  Rendering posts/index.html.erb within layouts/application
  [1m[36mPost Load (0.3ms)[0m  [1m[34mSELECT "posts".* FROM "posts"[0m
  Rendered collection of posts/_post.html.erb [2 times] (8.3ms)
  Rendered posts/index.html.erb within layouts/application (16.1ms)
Completed 200 OK in 63ms (Views: 46.6ms | ActiveRecord: 1.8ms)


Started GET "/posts" for 127.0.0.1 at 2017-07-21 18:54:21 -0500
Processing by PostsController#index as HTML
  Rendering posts/index.html.erb within layouts/application
  [1m[36mPost Load (0.2ms)[0m  [1m[34mSELECT "posts".* FROM "posts"[0m
  Rendered collection of posts/_post.html.erb [2 times] (3.7ms)
  Rendered posts/index.html.erb within layouts/application (7.6ms)
Completed 200 OK in 32ms (Views: 29.9ms | ActiveRecord: 0.2ms)


Started POST "/posts" for 127.0.0.1 at 2017-07-21 18:54:28 -0500
Processing by PostsController#create as JS
  Parameters: {"utf8"=>"✓", "post"=>{"title"=>"Hi", "content"=>"Me\r\n"}, "commit"=>"Create"}
  [1m[35m (0.1ms)[0m  [1m[36mbegin transaction[0m
  [1m[35mSQL (0.5ms)[0m  [1m[32mINSERT INTO "posts" ("title", "content", "created_at", "updated_at") VALUES (?, ?, ?, ?)[0m  [["title", "Hi"], ["content", "Me\r\n"], ["created_at", "2017-07-21 23:54:28.321869"], ["updated_at", "2017-07-21 23:54:28.321869"]]
  [1m[35m (1.3ms)[0m  [1m[36mcommit transaction[0m
  Rendering posts/create.js.erb
  Rendered posts/create.js.erb (0.5ms)
Completed 200 OK in 19ms (Views: 10.6ms | ActiveRecord: 1.9ms)


Started GET "/posts" for 127.0.0.1 at 2017-07-21 19:03:47 -0500
Processing by PostsController#index as HTML
  Rendering posts/index.html.erb within layouts/application
  [1m[36mPost Load (0.3ms)[0m  [1m[34mSELECT "posts".* FROM "posts"[0m
  Rendered collection of posts/_post.html.erb [3 times] (4.8ms)
  Rendered posts/index.html.erb within layouts/application (9.9ms)
Completed 200 OK in 36ms (Views: 32.7ms | ActiveRecord: 0.3ms)


Started POST "/posts" for 127.0.0.1 at 2017-07-21 19:03:55 -0500
Processing by PostsController#create as JS
  Parameters: {"utf8"=>"✓", "post"=>{"title"=>"Hello", "content"=>"Christian"}, "commit"=>"Create"}
  [1m[35m (0.1ms)[0m  [1m[36mbegin transaction[0m
  [1m[35mSQL (0.6ms)[0m  [1m[32mINSERT INTO "posts" ("title", "content", "created_at", "updated_at") VALUES (?, ?, ?, ?)[0m  [["title", "Hello"], ["content", "Christian"], ["created_at", "2017-07-22 00:03:55.197400"], ["updated_at", "2017-07-22 00:03:55.197400"]]
  [1m[35m (1.2ms)[0m  [1m[36mcommit transaction[0m
  Rendering posts/create.js.erb
  Rendered posts/_post.html.erb (2.4ms)
  Rendered posts/create.js.erb (134.5ms)
Completed 500 Internal Server Error in 151ms (ActiveRecord: 1.9ms)


  
ActionView::Template::Error (undefined method `post_' for #<#<Class:0x007fb83ae0ea08>:0x007fb83ab08b88>
Did you mean?  post_url):
    3: $('.post_content').val("");
    4: 
    5: $('container_posts').prepend('<%= j render @post %>');
    6: $('<%= post_@post.id %>').hide().fadeIn(1000);
  
app/views/posts/create.js.erb:6:in `_app_views_posts_create_js_erb___1419834154449179376_70214617680560'
  Rendering /Users/RaymondChristian/.rvm/gems/ruby-2.4.0/gems/actionpack-5.0.4/lib/action_dispatch/middleware/templates/rescues/template_error.text.erb
  Rendering /Users/RaymondChristian/.rvm/gems/ruby-2.4.0/gems/actionpack-5.0.4/lib/action_dispatch/middleware/templates/rescues/_trace.text.erb
  Rendered /Users/RaymondChristian/.rvm/gems/ruby-2.4.0/gems/actionpack-5.0.4/lib/action_dispatch/middleware/templates/rescues/_trace.text.erb (0.8ms)
  Rendering /Users/RaymondChristian/.rvm/gems/ruby-2.4.0/gems/actionpack-5.0.4/lib/action_dispatch/middleware/templates/rescues/_request_and_response.text.erb
  Rendered /Users/RaymondChristian/.rvm/gems/ruby-2.4.0/gems/actionpack-5.0.4/lib/action_dispatch/middleware/templates/rescues/_request_and_response.text.erb (1.1ms)
  Rendered /Users/RaymondChristian/.rvm/gems/ruby-2.4.0/gems/actionpack-5.0.4/lib/action_dispatch/middleware/templates/rescues/template_error.text.erb (51.1ms)
Started POST "/posts" for 127.0.0.1 at 2017-07-21 19:04:02 -0500
Processing by PostsController#create as JS
  Parameters: {"utf8"=>"✓", "post"=>{"title"=>"Hello", "content"=>"Christian"}, "commit"=>"Create"}
  [1m[35m (0.1ms)[0m  [1m[36mbegin transaction[0m
  [1m[35mSQL (0.6ms)[0m  [1m[32mINSERT INTO "posts" ("title", "content", "created_at", "updated_at") VALUES (?, ?, ?, ?)[0m  [["title", "Hello"], ["content", "Christian"], ["created_at", "2017-07-22 00:04:02.970589"], ["updated_at", "2017-07-22 00:04:02.970589"]]
  [1m[35m (1.7ms)[0m  [1m[36mcommit transaction[0m
  Rendering posts/create.js.erb
  Rendered posts/_post.html.erb (3.2ms)
  Rendered posts/create.js.erb (109.6ms)
Completed 500 Internal Server Error in 127ms (ActiveRecord: 2.5ms)


  
ActionView::Template::Error (undefined method `post_' for #<#<Class:0x007fb83ae0ea08>:0x007fb83aab02a8>
Did you mean?  post_url):
    3: $('.post_content').val("");
    4: 
    5: $('container_posts').prepend('<%= j render @post %>');
    6: $('<%= post_@post.id %>').hide().fadeIn(1000);
  
app/views/posts/create.js.erb:6:in `_app_views_posts_create_js_erb___1419834154449179376_70214617499200'
  Rendering /Users/RaymondChristian/.rvm/gems/ruby-2.4.0/gems/actionpack-5.0.4/lib/action_dispatch/middleware/templates/rescues/template_error.text.erb
  Rendering /Users/RaymondChristian/.rvm/gems/ruby-2.4.0/gems/actionpack-5.0.4/lib/action_dispatch/middleware/templates/rescues/_trace.text.erb
  Rendered /Users/RaymondChristian/.rvm/gems/ruby-2.4.0/gems/actionpack-5.0.4/lib/action_dispatch/middleware/templates/rescues/_trace.text.erb (0.8ms)
  Rendering /Users/RaymondChristian/.rvm/gems/ruby-2.4.0/gems/actionpack-5.0.4/lib/action_dispatch/middleware/templates/rescues/_request_and_response.text.erb
  Rendered /Users/RaymondChristian/.rvm/gems/ruby-2.4.0/gems/actionpack-5.0.4/lib/action_dispatch/middleware/templates/rescues/_request_and_response.text.erb (1.1ms)
  Rendered /Users/RaymondChristian/.rvm/gems/ruby-2.4.0/gems/actionpack-5.0.4/lib/action_dispatch/middleware/templates/rescues/template_error.text.erb (54.6ms)
Started GET "/posts" for 127.0.0.1 at 2017-07-21 19:04:06 -0500
Processing by PostsController#index as HTML
  Rendering posts/index.html.erb within layouts/application
  [1m[36mPost Load (0.2ms)[0m  [1m[34mSELECT "posts".* FROM "posts"[0m
  Rendered collection of posts/_post.html.erb [5 times] (8.0ms)
  Rendered posts/index.html.erb within layouts/application (12.4ms)
Completed 200 OK in 39ms (Views: 36.2ms | ActiveRecord: 0.2ms)


Started GET "/posts" for 127.0.0.1 at 2017-07-21 19:04:09 -0500
Processing by PostsController#index as HTML
  Rendering posts/index.html.erb within layouts/application
  [1m[36mPost Load (0.2ms)[0m  [1m[34mSELECT "posts".* FROM "posts"[0m
  Rendered collection of posts/_post.html.erb [5 times] (8.5ms)
  Rendered posts/index.html.erb within layouts/application (13.7ms)
Completed 200 OK in 40ms (Views: 37.4ms | ActiveRecord: 0.2ms)


Started POST "/posts" for 127.0.0.1 at 2017-07-21 19:04:15 -0500
Processing by PostsController#create as JS
  Parameters: {"utf8"=>"✓", "post"=>{"title"=>"Hi", "content"=>"Nugget"}, "commit"=>"Create"}
  [1m[35m (0.1ms)[0m  [1m[36mbegin transaction[0m
  [1m[35mSQL (0.7ms)[0m  [1m[32mINSERT INTO "posts" ("title", "content", "created_at", "updated_at") VALUES (?, ?, ?, ?)[0m  [["title", "Hi"], ["content", "Nugget"], ["created_at", "2017-07-22 00:04:15.173774"], ["updated_at", "2017-07-22 00:04:15.173774"]]
  [1m[35m (1.4ms)[0m  [1m[36mcommit transaction[0m
  Rendering posts/create.js.erb
  Rendered posts/_post.html.erb (4.3ms)
  Rendered posts/create.js.erb (130.5ms)
Completed 500 Internal Server Error in 147ms (ActiveRecord: 2.1ms)


  
ActionView::Template::Error (undefined method `post_' for #<#<Class:0x007fb83ae0ea08>:0x007fb836dab678>
Did you mean?  post_url):
    3: $('.post_content').val("");
    4: 
    5: $('container_posts').prepend('<%= j render @post %>');
    6: $('<%= post_@post.id %>').hide().fadeIn(1000);
  
app/views/posts/create.js.erb:6:in `_app_views_posts_create_js_erb___1419834154449179376_70214585534460'
  Rendering /Users/RaymondChristian/.rvm/gems/ruby-2.4.0/gems/actionpack-5.0.4/lib/action_dispatch/middleware/templates/rescues/template_error.text.erb
  Rendering /Users/RaymondChristian/.rvm/gems/ruby-2.4.0/gems/actionpack-5.0.4/lib/action_dispatch/middleware/templates/rescues/_trace.text.erb
  Rendered /Users/RaymondChristian/.rvm/gems/ruby-2.4.0/gems/actionpack-5.0.4/lib/action_dispatch/middleware/templates/rescues/_trace.text.erb (0.7ms)
  Rendering /Users/RaymondChristian/.rvm/gems/ruby-2.4.0/gems/actionpack-5.0.4/lib/action_dispatch/middleware/templates/rescues/_request_and_response.text.erb
  Rendered /Users/RaymondChristian/.rvm/gems/ruby-2.4.0/gems/actionpack-5.0.4/lib/action_dispatch/middleware/templates/rescues/_request_and_response.text.erb (0.7ms)
  Rendered /Users/RaymondChristian/.rvm/gems/ruby-2.4.0/gems/actionpack-5.0.4/lib/action_dispatch/middleware/templates/rescues/template_error.text.erb (50.0ms)
Started GET "/posts" for 127.0.0.1 at 2017-07-21 19:04:19 -0500
Processing by PostsController#index as HTML
  Rendering posts/index.html.erb within layouts/application
  [1m[36mPost Load (0.2ms)[0m  [1m[34mSELECT "posts".* FROM "posts"[0m
  Rendered collection of posts/_post.html.erb [6 times] (8.6ms)
  Rendered posts/index.html.erb within layouts/application (13.5ms)
Completed 200 OK in 38ms (Views: 35.6ms | ActiveRecord: 0.2ms)


Started GET "/posts" for 127.0.0.1 at 2017-07-21 19:06:07 -0500
Processing by PostsController#index as HTML
  Rendering posts/index.html.erb within layouts/application
  [1m[36mPost Load (0.2ms)[0m  [1m[34mSELECT "posts".* FROM "posts"[0m
  Rendered collection of posts/_post.html.erb [6 times] (8.3ms)
  Rendered posts/index.html.erb within layouts/application (12.6ms)
Completed 200 OK in 37ms (Views: 34.1ms | ActiveRecord: 0.2ms)


Started POST "/posts" for 127.0.0.1 at 2017-07-21 19:06:12 -0500
Processing by PostsController#create as JS
  Parameters: {"utf8"=>"✓", "post"=>{"title"=>"agasdgv", "content"=>"sdfbdfgd"}, "commit"=>"Create"}
  [1m[35m (0.1ms)[0m  [1m[36mbegin transaction[0m
  [1m[35mSQL (0.5ms)[0m  [1m[32mINSERT INTO "posts" ("title", "content", "created_at", "updated_at") VALUES (?, ?, ?, ?)[0m  [["title", "agasdgv"], ["content", "sdfbdfgd"], ["created_at", "2017-07-22 00:06:12.309295"], ["updated_at", "2017-07-22 00:06:12.309295"]]
  [1m[35m (1.3ms)[0m  [1m[36mcommit transaction[0m
  Rendering posts/create.js.erb
  Rendered posts/_post.html.erb (3.2ms)
  Rendered posts/create.js.erb (6.5ms)
Completed 200 OK in 24ms (Views: 14.6ms | ActiveRecord: 1.9ms)


Started POST "/posts" for 127.0.0.1 at 2017-07-21 19:06:40 -0500
Processing by PostsController#create as JS
  Parameters: {"utf8"=>"✓", "post"=>{"title"=>"hihihih", "content"=>"hahahahah"}, "commit"=>"Create"}
  [1m[35m (0.1ms)[0m  [1m[36mbegin transaction[0m
  [1m[35mSQL (0.6ms)[0m  [1m[32mINSERT INTO "posts" ("title", "content", "created_at", "updated_at") VALUES (?, ?, ?, ?)[0m  [["title", "hihihih"], ["content", "hahahahah"], ["created_at", "2017-07-22 00:06:40.803342"], ["updated_at", "2017-07-22 00:06:40.803342"]]
  [1m[35m (1.4ms)[0m  [1m[36mcommit transaction[0m
  Rendering posts/create.js.erb
  Rendered posts/_post.html.erb (2.4ms)
  Rendered posts/create.js.erb (5.6ms)
Completed 200 OK in 24ms (Views: 16.0ms | ActiveRecord: 2.1ms)


Started GET "/posts" for 127.0.0.1 at 2017-07-21 19:46:04 -0500
Processing by PostsController#index as HTML
  Rendering posts/index.html.erb within layouts/application
  [1m[36mPost Load (5.7ms)[0m  [1m[34mSELECT "posts".* FROM "posts"[0m
  Rendered collection of posts/_post.html.erb [8 times] (13.4ms)
  Rendered posts/index.html.erb within layouts/application (32.0ms)
Completed 200 OK in 219ms (Views: 183.4ms | ActiveRecord: 5.7ms)


Started POST "/posts" for 127.0.0.1 at 2017-07-21 19:46:29 -0500
Processing by PostsController#create as JS
  Parameters: {"utf8"=>"✓", "post"=>{"title"=>"My Brother", "content"=>"His name is Turtle McNugget pants and he likes to fart on faces"}, "commit"=>"Create"}
  [1m[35m (0.2ms)[0m  [1m[36mbegin transaction[0m
  [1m[35mSQL (0.4ms)[0m  [1m[32mINSERT INTO "posts" ("title", "content", "created_at", "updated_at") VALUES (?, ?, ?, ?)[0m  [["title", "My Brother"], ["content", "His name is Turtle McNugget pants and he likes to fart on faces"], ["created_at", "2017-07-22 00:46:29.306513"], ["updated_at", "2017-07-22 00:46:29.306513"]]
  [1m[35m (1.6ms)[0m  [1m[36mcommit transaction[0m
  Rendering posts/create.js.erb
  Rendered posts/_post.html.erb (2.4ms)
  Rendered posts/create.js.erb (5.6ms)
Completed 200 OK in 38ms (Views: 13.7ms | ActiveRecord: 2.2ms)


Started POST "/posts" for 127.0.0.1 at 2017-07-21 19:47:58 -0500
Processing by PostsController#create as JS
  Parameters: {"utf8"=>"✓", "post"=>{"title"=>"life", "content"=>"nature"}, "commit"=>"Create"}
  [1m[35m (0.1ms)[0m  [1m[36mbegin transaction[0m
  [1m[35mSQL (0.7ms)[0m  [1m[32mINSERT INTO "posts" ("title", "content", "created_at", "updated_at") VALUES (?, ?, ?, ?)[0m  [["title", "life"], ["content", "nature"], ["created_at", "2017-07-22 00:47:58.934646"], ["updated_at", "2017-07-22 00:47:58.934646"]]
  [1m[35m (1.3ms)[0m  [1m[36mcommit transaction[0m
  Rendering posts/create.js.erb
  Rendered posts/_post.html.erb (2.6ms)
  Rendered posts/create.js.erb (6.7ms)
Completed 200 OK in 23ms (Views: 15.4ms | ActiveRecord: 2.1ms)


Started GET "/" for 127.0.0.1 at 2017-07-25 19:14:40 -0500
  [1m[36mActiveRecord::SchemaMigration Load (0.4ms)[0m  [1m[34mSELECT "schema_migrations".* FROM "schema_migrations"[0m
Processing by PostsController#index as HTML
  Rendering posts/index.html.erb within layouts/application
  [1m[36mPost Load (11.0ms)[0m  [1m[34mSELECT "posts".* FROM "posts"[0m
  Rendered collection of posts/_post.html.erb [10 times] (104.6ms)
  Rendered posts/index.html.erb within layouts/application (134.2ms)
Completed 200 OK in 552ms (Views: 484.3ms | ActiveRecord: 11.7ms)


Started GET "/posts" for 127.0.0.1 at 2017-07-25 19:15:22 -0500
Processing by PostsController#index as HTML
  Rendering posts/index.html.erb within layouts/application
  [1m[36mPost Load (0.3ms)[0m  [1m[34mSELECT "posts".* FROM "posts"[0m
  Rendered collection of posts/_post.html.erb [10 times] (12.2ms)
  Rendered posts/index.html.erb within layouts/application (16.5ms)
Completed 200 OK in 40ms (Views: 36.4ms | ActiveRecord: 0.3ms)


